2025.12.22 23:27:48.296	MultiStrategyAutonomousEA (EURUSD.0,M30)	[SMC_ORDER_BLOCK_FOUND] Price: 1.17188 | Zone: 1.17085-1.17188 | BEARISH | Score: 60.0
2025.12.22 23:27:48.296	MultiStrategyAutonomousEA (EURUSD.0,M30)	[OrderBlock] Found 21 new order blocks
2025.12.22 23:27:48.299	MultiStrategyAutonomousEA (EURUSD.0,M30)	[NO_SIGNAL] OrderBlock | EURUSD.0 | M30 | Reason: No valid OB triggered | Active blocks: 21 | Checked: 0
2025.12.22 23:27:48.299	MultiStrategyAutonomousEA (EURUSD.0,M30)	[NO_SIGNAL] FVG | EURUSD.0 | M30 | Reason: No FVGs found
2025.12.22 23:27:48.299	MultiStrategyAutonomousEA (EURUSD.0,M30)	[TrendEngine] Trend: TREND_BEARISH_WEAK | Strength: 81.5 | Angle: -90.0 | ADX: 27.5
2025.12.22 23:27:48.299	MultiStrategyAutonomousEA (EURUSD.0,M30)	[SMC_BOS_LOW] Price: 4309.35000 | Zone: 4309.35000-4319.84000 | BEARISH | Score: 78.6
2025.12.22 23:27:48.299	MultiStrategyAutonomousEA (EURUSD.0,M30)	[SMC_BOS_LOW] Price: 4308.75000 | Zone: 4308.75000-4309.35000 | BEARISH | Score: 77.6
2025.12.22 23:27:48.299	MultiStrategyAutonomousEA (EURUSD.0,M30)	[LiquidityEngine] Liquidity zones: Buy=2, Sell=0
2025.12.22 23:27:48.409	MultiStrategyAutonomousEA (EURUSD.0,M30)	[VolatilityEngine] Volatility: VOLATILITY_LOW | ATR: 7.27357 (0.16%) | BB Width: 26.11024
2025.12.22 23:27:48.409	MultiStrategyAutonomousEA (EURUSD.0,M30)	[Pipeline] TrendFilter: PASSED - BYPASSED - High confidence signal (0.80) | Trend: TREND_BEARISH_WEAK
2025.12.22 23:27:48.410	MultiStrategyAutonomousEA (EURUSD.0,M30)	[Pipeline] VolatilityFilter: PASSED - Volatility: VOLATILITY_LOW (0.16%)
2025.12.22 23:27:48.410	MultiStrategyAutonomousEA (EURUSD.0,M30)	[Pipeline] StructureFilter: PASSED - No recent structure break
2025.12.22 23:27:48.410	MultiStrategyAutonomousEA (EURUSD.0,M30)	[SIGNAL] Supply Demand | XAUUSD.0 | M30 | Signal: BUY | Confidence: 74.80% | Reason: Signal passed all filters | Confidence: 0.75
2025.12.22 23:27:48.528	MultiStrategyAutonomousEA (EURUSD.0,M30)	[SIGNAL] Swing | EURUSD.0 | M30 | Signal: BUY | Confidence: 79.69% | Reason: MA crossover bullish | RSI: 100.00 | Confidence: 0.80
2025.12.22 23:27:48.644	MultiStrategyAutonomousEA (EURUSD.0,M30)	[TrendEngine] Trend: TREND_BEARISH_WEAK | Strength: 81.5 | Angle: -90.0 | ADX: 27.5
2025.12.22 23:27:48.644	MultiStrategyAutonomousEA (EURUSD.0,M30)	[SMC_BOS_LOW] Price: 4309.35000 | Zone: 4309.35000-4319.84000 | BEARISH | Score: 78.6
2025.12.22 23:27:48.644	MultiStrategyAutonomousEA (EURUSD.0,M30)	[SMC_BOS_LOW] Price: 4308.75000 | Zone: 4308.75000-4309.35000 | BEARISH | Score: 77.6
2025.12.22 23:27:48.644	MultiStrategyAutonomousEA (EURUSD.0,M30)	[LiquidityEngine] Liquidity zones: Buy=2, Sell=0
2025.12.22 23:27:48.760	MultiStrategyAutonomousEA (EURUSD.0,M30)	[VolatilityEngine] Volatility: VOLATILITY_LOW | ATR: 7.27357 (0.16%) | BB Width: 26.11024
2025.12.22 23:27:48.760	MultiStrategyAutonomousEA (EURUSD.0,M30)	[Pipeline] TrendFilter: PASSED - BYPASSED - High confidence signal (0.80) | Trend: TREND_BEARISH_WEAK
2025.12.22 23:27:48.760	MultiStrategyAutonomousEA (EURUSD.0,M30)	[Pipeline] VolatilityFilter: PASSED - Volatility: VOLATILITY_LOW (0.16%)
2025.12.22 23:27:48.760	MultiStrategyAutonomousEA (EURUSD.0,M30)	[Pipeline] StructureFilter: PASSED - No recent structure break
2025.12.22 23:27:48.760	MultiStrategyAutonomousEA (EURUSD.0,M30)	[SIGNAL] Swing Trading Strategy | XAUUSD.0 | M30 | Signal: BUY | Confidence: 74.51% | Reason: Signal passed all filters | Confidence: 0.75
2025.12.22 23:27:48.760	MultiStrategyAutonomousEA (EURUSD.0,M30)	[ENTERPRISE] XAUUSD.0 | Signal: BUY | Confidence: 0.9332763258597798
2025.12.22 23:27:48.760	MultiStrategyAutonomousEA (EURUSD.0,M30)	[VOLUME-DEBUG] XAUUSD.0 | Input: 0.01 | Min: 0.01 | Max: 2.0 | Step: 0.01
2025.12.22 23:27:49.423	MultiStrategyAutonomousEA (EURUSD.0,M30)	[TRADE-SUCCESS] BUY order executed on XAUUSD.0 | Lot Size: 0.01 | SL: 4416.88 (150 pips) | TP: 4421.38 (300 pips) | Ticket: 4467424947
2025.12.22 23:27:49.423	MultiStrategyAutonomousEA (EURUSD.0,M30)	[PROGRESSIVE-TP] Initialized with base multiplier: 0.00
2025.12.22 23:27:49.423	MultiStrategyAutonomousEA (EURUSD.0,M30)	[PROGRESSIVE-TP] Entry price: 4418.38000
2025.12.22 23:27:49.423	MultiStrategyAutonomousEA (EURUSD.0,M30)	[PROGRESSIVE-TP] Risk amount: 0.02
2025.12.22 23:27:49.423	MultiStrategyAutonomousEA (EURUSD.0,M30)	[PROGRESSIVE-TP] Initialized for ticket 4467424947 on XAUUSD.0
2025.12.22 23:29:47.845	MultiStrategyAutonomousEA (EURUSD.0,M30)	[OrderBlock] Found 21 new order blocks
2025.12.22 23:29:47.847	MultiStrategyAutonomousEA (EURUSD.0,M30)	[NO_SIGNAL] OrderBlock | EURUSD.0 | M30 | Reason: No valid OB triggered | Active blocks: 21 | Checked: 0
2025.12.22 23:29:47.847	MultiStrategyAutonomousEA (EURUSD.0,M30)	[NO_SIGNAL] FVG | EURUSD.0 | M30 | Reason: No FVGs found
2025.12.22 23:29:47.968	MultiStrategyAutonomousEA (EURUSD.0,M30)	[TrendEngine] Trend: TREND_BEARISH_WEAK | Strength: 81.5 | Angle: -90.0 | ADX: 27.5
2025.12.22 23:29:47.968	MultiStrategyAutonomousEA (EURUSD.0,M30)	[SMC_BOS_LOW] Price: 4309.35000 | Zone: 4309.35000-4319.84000 | BEARISH | Score: 78.6
2025.12.22 23:29:47.968	MultiStrategyAutonomousEA (EURUSD.0,M30)	[SMC_BOS_LOW] Price: 4308.75000 | Zone: 4308.75000-4309.35000 | BEARISH | Score: 77.6
2025.12.22 23:29:47.968	MultiStrategyAutonomousEA (EURUSD.0,M30)	[LiquidityEngine] Liquidity zones: Buy=2, Sell=0
2025.12.22 23:29:48.079	MultiStrategyAutonomousEA (EURUSD.0,M30)	[VolatilityEngine] Volatility: VOLATILITY_LOW | ATR: 7.27357 (0.16%) | BB Width: 26.06646
2025.12.22 23:29:48.079	MultiStrategyAutonomousEA (EURUSD.0,M30)	[Pipeline] TrendFilter: PASSED - BYPASSED - High confidence signal (0.80) | Trend: TREND_BEARISH_WEAK
2025.12.22 23:29:48.079	MultiStrategyAutonomousEA (EURUSD.0,M30)	[Pipeline] VolatilityFilter: PASSED - Volatility: VOLATILITY_LOW (0.16%)
2025.12.22 23:29:48.079	MultiStrategyAutonomousEA (EURUSD.0,M30)	[Pipeline] StructureFilter: PASSED - No recent structure break
2025.12.22 23:29:48.079	MultiStrategyAutonomousEA (EURUSD.0,M30)	[SIGNAL] Supply Demand | XAUUSD.0 | M30 | Signal: BUY | Confidence: 74.80% | Reason: Signal passed all filters | Confidence: 0.75
2025.12.22 23:29:48.295	MultiStrategyAutonomousEA (EURUSD.0,M30)	[SIGNAL] Swing | EURUSD.0 | M30 | Signal: BUY | Confidence: 79.48% | Reason: MA crossover bullish | RSI: 100.00 | Confidence: 0.79
2025.12.22 23:29:48.406	MultiStrategyAutonomousEA (EURUSD.0,M30)	[TrendEngine] Trend: TREND_BEARISH_WEAK | Strength: 81.5 | Angle: -90.0 | ADX: 27.5
2025.12.22 23:29:48.406	MultiStrategyAutonomousEA (EURUSD.0,M30)	[SMC_BOS_LOW] Price: 4309.35000 | Zone: 4309.35000-4319.84000 | BEARISH | Score: 78.6
2025.12.22 23:29:48.406	MultiStrategyAutonomousEA (EURUSD.0,M30)	[SMC_BOS_LOW] Price: 4308.75000 | Zone: 4308.75000-4309.35000 | BEARISH | Score: 77.6
2025.12.22 23:29:48.406	MultiStrategyAutonomousEA (EURUSD.0,M30)	[LiquidityEngine] Liquidity zones: Buy=2, Sell=0
2025.12.22 23:29:48.518	MultiStrategyAutonomousEA (EURUSD.0,M30)	[VolatilityEngine] Volatility: VOLATILITY_LOW | ATR: 7.27357 (0.16%) | BB Width: 26.08367
2025.12.22 23:29:48.518	MultiStrategyAutonomousEA (EURUSD.0,M30)	[Pipeline] TrendFilter: PASSED - BYPASSED - High confidence signal (0.79) | Trend: TREND_BEARISH_WEAK
2025.12.22 23:29:48.518	MultiStrategyAutonomousEA (EURUSD.0,M30)	[Pipeline] VolatilityFilter: PASSED - Volatility: VOLATILITY_LOW (0.16%)
2025.12.22 23:29:48.518	MultiStrategyAutonomousEA (EURUSD.0,M30)	[Pipeline] StructureFilter: PASSED - No recent structure break
2025.12.22 23:29:48.518	MultiStrategyAutonomousEA (EURUSD.0,M30)	[SIGNAL] Swing Trading Strategy | XAUUSD.0 | M30 | Signal: BUY | Confidence: 74.32% | Reason: Signal passed all filters | Confidence: 0.74
2025.12.22 23:29:48.518	MultiStrategyAutonomousEA (EURUSD.0,M30)	[ENTERPRISE] XAUUSD.0 | Signal: BUY | Confidence: 0.9320942876796366
2025.12.22 23:29:48.518	MultiStrategyAutonomousEA (EURUSD.0,M30)	[VOLUME-DEBUG] XAUUSD.0 | Input: 0.01 | Min: 0.01 | Max: 2.0 | Step: 0.01
2025.12.22 23:29:49.132	MultiStrategyAutonomousEA (EURUSD.0,M30)	[TRADE-SUCCESS] BUY order executed on XAUUSD.0 | Lot Size: 0.01 | SL: 4416.7 (150 pips) | TP: 4421.2 (300 pips) | Ticket: 4467426360
2025.12.22 23:29:49.132	MultiStrategyAutonomousEA (EURUSD.0,M30)	[PROGRESSIVE-TP] Initialized with base multiplier: 0.00
2025.12.22 23:29:49.132	MultiStrategyAutonomousEA (EURUSD.0,M30)	[PROGRESSIVE-TP] Entry price: 4418.20000
2025.12.22 23:29:49.132	MultiStrategyAutonomousEA (EURUSD.0,M30)	[PROGRESSIVE-TP] Risk amount: 0.02
2025.12.22 23:29:49.132	MultiStrategyAutonomousEA (EURUSD.0,M30)	[PROGRESSIVE-TP] Initialized for ticket 4467426360 on XAUUSD.0
2025.12.22 23:30:21.598	MultiStrategyAutonomousEA (EURUSD.0,M30)	[DEBUG-ONTICK] Tick #250 - EA is processing ticks normally
2025.12.22 23:30:21.598	MultiStrategyAutonomousEA (EURUSD.0,M30)	[DEBUG-TICK] Tick #250 Time: 2025.12.22 15:30:21
2025.12.22 23:30:21.598	MultiStrategyAutonomousEA (EURUSD.0,M30)	[DEBUG-STATUS] Current symbol: EURUSD.0 Symbols processed: 10
2025.12.22 23:30:21.598	MultiStrategyAutonomousEA (EURUSD.0,M30)	[ENTERPRISE-STATUS] Active strategies: 9 | Cooldown: 34s / 120s
2025.12.22 23:30:21.598	MultiStrategyAutonomousEA (EURUSD.0,M30)	[ENTERPRISE-STATUS] EA Positions: 2 / 10 | Account Total: 2 | Last trade: 2025.12.22 15:29
2025.12.22 23:31:22.067	MultiStrategyAutonomousEA (EURUSD.0,M30)	[DEBUG-ONTICK] Tick #300 - EA is processing ticks normally
2025.12.22 23:31:22.067	MultiStrategyAutonomousEA (EURUSD.0,M30)	[DEBUG-TICK] Tick #300 Time: 2025.12.22 15:31:21
2025.12.22 23:31:22.067	MultiStrategyAutonomousEA (EURUSD.0,M30)	[DEBUG-STATUS] Current symbol: EURUSD.0 Symbols processed: 10
2025.12.22 23:31:22.067	MultiStrategyAutonomousEA (EURUSD.0,M30)	[ENTERPRISE-STATUS] Active strategies: 9 | Cooldown: 94s / 120s
2025.12.22 23:31:22.067	MultiStrategyAutonomousEA (EURUSD.0,M30)	[ENTERPRISE-STATUS] EA Positions: 1 / 10 | Account Total: 1 | Last trade: 2025.12.22 15:29
2025.12.23 01:10:00.371	MultiStrategyAutonomousEA (XAUUSD.0,M1)	[SMC_ORDER_BLOCK_TOUCH] Price: 4439.03000 | Zone: 4436.79000-4439.07000 | BULLISH | Score: 60.0
2025.12.23 01:10:00.371	MultiStrategyAutonomousEA (XAUUSD.0,M1)	[SIGNAL] OrderBlock | XAUUSD.0 | M1 | Signal: BUY | Confidence: 0.00% | Reason: Bullish OB activation | Price: 4439.03000 | Zone: 4436.79000-4439.07000 | Distance: 224.0 points
2025.12.23 01:10:00.483	MultiStrategyAutonomousEA (XAUUSD.0,M1)	[TrendEngine] Trend: TREND_RANGING | Strength: 70.2 | Angle: -81.0 | ADX: 18.3
2025.12.23 01:10:00.483	MultiStrategyAutonomousEA (XAUUSD.0,M1)	[LiquidityEngine] Liquidity zones: Buy=40, Sell=0
2025.12.23 01:10:00.597	MultiStrategyAutonomousEA (XAUUSD.0,M1)	[VolatilityEngine] Volatility: VOLATILITY_LOW | ATR: 1.38571 (0.03%) | BB Width: 3.85060
2025.12.23 01:10:00.597	MultiStrategyAutonomousEA (XAUUSD.0,M1)	[Pipeline] TrendFilter: PASSED - PASSED - Ranging market | Strength: 70.2
2025.12.23 01:10:00.597	MultiStrategyAutonomousEA (XAUUSD.0,M1)	[Pipeline] VolatilityFilter: PASSED - Volatility: VOLATILITY_LOW (0.03%)
2025.12.23 01:10:00.597	MultiStrategyAutonomousEA (XAUUSD.0,M1)	[Pipeline] LiquidityFilter: PASSED - Recent liquidity sweep detected
2025.12.23 01:10:00.597	MultiStrategyAutonomousEA (XAUUSD.0,M1)	[Pipeline] LiquidityFilter: PASSED - Price near liquidity zone
2025.12.23 01:10:00.597	MultiStrategyAutonomousEA (XAUUSD.0,M1)	[Pipeline] StructureFilter: PASSED - No recent structure break
2025.12.23 01:10:00.597	MultiStrategyAutonomousEA (XAUUSD.0,M1)	[Pipeline] ConfidenceFilter: FAILED - Confidence 0.00 below minimum 0.45 (effective: 0.38)
2025.12.23 01:10:00.597	MultiStrategyAutonomousEA (XAUUSD.0,M1)	[NO_SIGNAL] FVG | XAUUSD.0 | M1 | Reason: No FVGs found
2025.12.23 01:10:00.718	MultiStrategyAutonomousEA (XAUUSD.0,M1)	[TrendEngine] Trend: TREND_RANGING | Strength: 70.2 | Angle: -81.1 | ADX: 18.3
2025.12.23 01:10:00.718	MultiStrategyAutonomousEA (XAUUSD.0,M1)	[LiquidityEngine] Liquidity zones: Buy=40, Sell=0
2025.12.23 01:10:00.832	MultiStrategyAutonomousEA (XAUUSD.0,M1)	[VolatilityEngine] Volatility: VOLATILITY_LOW | ATR: 1.38571 (0.03%) | BB Width: 3.88434
2025.12.23 01:10:00.832	MultiStrategyAutonomousEA (XAUUSD.0,M1)	[Pipeline] TrendFilter: PASSED - BYPASSED - High confidence signal (0.80) | Trend: TREND_RANGING
2025.12.23 01:10:00.832	MultiStrategyAutonomousEA (XAUUSD.0,M1)	[Pipeline] VolatilityFilter: PASSED - Volatility: VOLATILITY_LOW (0.03%)
2025.12.23 01:10:00.832	MultiStrategyAutonomousEA (XAUUSD.0,M1)	[Pipeline] LiquidityFilter: PASSED - Recent liquidity sweep detected
2025.12.23 01:10:00.832	MultiStrategyAutonomousEA (XAUUSD.0,M1)	[Pipeline] LiquidityFilter: PASSED - Price near liquidity zone
2025.12.23 01:10:00.832	MultiStrategyAutonomousEA (XAUUSD.0,M1)	[Pipeline] StructureFilter: PASSED - No recent structure break
2025.12.23 01:10:00.832	MultiStrategyAutonomousEA (XAUUSD.0,M1)	[SIGNAL] Supply Demand | XAUUSD.0 | M1 | Signal: BUY | Confidence: 81.72% | Reason: Signal passed all filters | Confidence: 0.82
2025.12.23 01:10:01.058	MultiStrategyAutonomousEA (XAUUSD.0,M1)	[SIGNAL] Swing | XAUUSD.0 | M1 | Signal: BUY | Confidence: 36.68% | Reason: MA crossover bullish | RSI: 100.00 | Confidence: 0.37
2025.12.23 01:10:01.170	MultiStrategyAutonomousEA (XAUUSD.0,M1)	[TrendEngine] Trend: TREND_RANGING | Strength: 70.2 | Angle: -81.0 | ADX: 18.3
2025.12.23 01:10:01.171	MultiStrategyAutonomousEA (XAUUSD.0,M1)	[LiquidityEngine] Liquidity zones: Buy=40, Sell=0
2025.12.23 01:10:01.280	MultiStrategyAutonomousEA (XAUUSD.0,M1)	[VolatilityEngine] Volatility: VOLATILITY_LOW | ATR: 1.38571 (0.03%) | BB Width: 3.87281
2025.12.23 01:10:01.280	MultiStrategyAutonomousEA (XAUUSD.0,M1)	[Pipeline] TrendFilter: PASSED - PASSED - Ranging market | Strength: 70.2
2025.12.23 01:10:01.280	MultiStrategyAutonomousEA (XAUUSD.0,M1)	[Pipeline] VolatilityFilter: PASSED - Volatility: VOLATILITY_LOW (0.03%)
2025.12.23 01:10:01.280	MultiStrategyAutonomousEA (XAUUSD.0,M1)	[Pipeline] LiquidityFilter: PASSED - Recent liquidity sweep detected
2025.12.23 01:10:01.280	MultiStrategyAutonomousEA (XAUUSD.0,M1)	[Pipeline] LiquidityFilter: PASSED - Price near liquidity zone
2025.12.23 01:10:01.280	MultiStrategyAutonomousEA (XAUUSD.0,M1)	[Pipeline] StructureFilter: PASSED - No recent structure break
2025.12.23 01:10:01.280	MultiStrategyAutonomousEA (XAUUSD.0,M1)	[Pipeline] ConfidenceFilter: FAILED - Confidence 0.37 below minimum 0.45 (effective: 0.38)
2025.12.23 01:10:01.280	MultiStrategyAutonomousEA (XAUUSD.0,M1)	[ENTERPRISE] XAUUSD.0 | Signal: BUY | Confidence: 1.062347
2025.12.23 01:10:01.280	MultiStrategyAutonomousEA (XAUUSD.0,M1)	[WARNING] Component PositionSizer marked as FAILED due to error rate
2025.12.23 01:10:01.280	MultiStrategyAutonomousEA (XAUUSD.0,M1)	[VOLUME-DEBUG] XAUUSD.0 | Input: 0.01 | Min: 0.01 | Max: 2.0 | Step: 0.01
2025.12.23 01:10:01.961	MultiStrategyAutonomousEA (XAUUSD.0,M1)	[TRADE-SUCCESS] BUY order executed on XAUUSD.0 | Lot Size: 0.01 | SL: 4437.61 (150 pips) | TP: 4442.11 (300 pips) | Ticket: 4467504043
2025.12.23 01:10:01.961	MultiStrategyAutonomousEA (XAUUSD.0,M1)	[PROGRESSIVE-TP] Initialized with base multiplier: 0.00
2025.12.23 01:10:01.961	MultiStrategyAutonomousEA (XAUUSD.0,M1)	[PROGRESSIVE-TP] Entry price: 4439.11000
2025.12.23 01:10:01.961	MultiStrategyAutonomousEA (XAUUSD.0,M1)	[PROGRESSIVE-TP] Risk amount: 0.02
2025.12.23 01:10:01.961	MultiStrategyAutonomousEA (XAUUSD.0,M1)	[PROGRESSIVE-TP] Initialized for ticket 4467504043 on XAUUSD.0
2025.12.23 01:10:05.997	MultiStrategyAutonomousEA (XAUUSD.0,M1)	[DEBUG-ONTICK] Tick #22550 - EA is processing ticks normally
2025.12.23 01:10:05.997	MultiStrategyAutonomousEA (XAUUSD.0,M1)	[DEBUG-TICK] Tick #22550 Time: 2025.12.22 17:10:05
2025.12.23 01:10:05.997	MultiStrategyAutonomousEA (XAUUSD.0,M1)	[DEBUG-STATUS] Current symbol: XAUUSD.0 Symbols processed: 10
2025.12.23 01:10:05.997	MultiStrategyAutonomousEA (XAUUSD.0,M1)	[ENTERPRISE-STATUS] Active strategies: 9 | Cooldown: 5s / 120s
2025.12.23 01:10:05.997	MultiStrategyAutonomousEA (XAUUSD.0,M1)	[ENTERPRISE-STATUS] EA Positions: 3 / 10 | Account Total: 3 | Last trade: 2025.12.22 17:10
